<?xml version="1.0" encoding="UTF-8"?>
<testsuite name="demo" tests="1" skipped="0" failures="0" errors="0" timestamp="2021-07-15T21:45:23" hostname="ASY-WIN10-82" time="3.014">
  <properties/>
  <testcase name="myTest()" classname="demo" time="3.014"/>
  <system-out><![CDATA[]]></system-out>
  <system-err><![CDATA[]]></system-err>
</testsuite>
